[2025-07-26 15:43:39] 動的キュー処理を開始します
[2025-07-26 15:43:39] ファイル 'e-arrival card 韓国 やり方' をワークスペース 'WebText_extraction' に割り当てました
[2025-07-26 15:43:39] ファイル 'チケットプラス 台湾' をワークスペース 'WebText_extraction2' に割り当てました
[2025-07-26 15:43:39] ファイル '台湾 ディズニー場所' をワークスペース 'WebText_extraction3' に割り当てました
[2025-07-26 15:43:39] ファイル '台湾 中国 関係 わかりやすく 子供向け' をワークスペース 'WebText_extraction4' に割り当てました
[2025-07-26 15:43:39] ファイル '台湾 二泊三日 予算' をワークスペース 'WebText_extraction5' に割り当てました
[2025-07-26 15:43:39] ファイル '台湾 夜市 何時まで' をワークスペース 'WebText_extraction6' に割り当てました
[2025-07-26 15:43:39] ファイル '台湾 旅行 ツアー 添乗員付き' をワークスペース 'WebText_extraction7' に割り当てました
[2025-07-26 15:43:39] ファイル '台湾 日本 仲良しなぜ' をワークスペース 'WebText_extraction8' に割り当てました
[2025-07-26 15:43:39] ファイル '台湾で買うと安いもの ブランド' をワークスペース 'WebText_extraction9' に割り当てました
[2025-07-26 15:43:39] ファイル '台湾カフェ 時香茶' をワークスペース 'WebText_extraction10' に割り当てました
[2025-07-26 15:43:39] 新しいファイルが見つかりました: .processing_e-arrival card 韓国 やり方.txt
[2025-07-26 15:43:39] 新しいファイルが見つかりました: .processing_チケットプラス 台湾.txt
[2025-07-26 15:43:39] 新しいファイルが見つかりました: .processing_台湾 ディズニー場所.txt
[2025-07-26 15:43:39] 新しいファイルが見つかりました: .processing_台湾 中国 関係 わかりやすく 子供向け.txt
[2025-07-26 15:43:39] 新しいファイルが見つかりました: .processing_台湾 二泊三日 予算.txt
[2025-07-26 15:43:39] 新しいファイルが見つかりました: .processing_台湾 夜市 何時まで.txt
[2025-07-26 15:43:39] 新しいファイルが見つかりました: .processing_台湾 旅行 ツアー 添乗員付き.txt
[2025-07-26 15:43:39] 新しいファイルが見つかりました: .processing_台湾 日本 仲良しなぜ.txt
[2025-07-26 15:43:39] 新しいファイルが見つかりました: .processing_台湾で買うと安いもの ブランド.txt
[2025-07-26 15:43:39] 新しいファイルが見つかりました: .processing_台湾カフェ 時香茶.txt
[2025-07-26 15:43:51] 新しいファイルが見つかりました: .processing_e-arrival card 韓国 やり方.txt
[2025-07-26 15:43:51] 新しいファイルが見つかりました: .processing_チケットプラス 台湾.txt
[2025-07-26 15:43:51] 新しいファイルが見つかりました: .processing_台湾 ディズニー場所.txt
[2025-07-26 15:43:51] 新しいファイルが見つかりました: .processing_台湾 中国 関係 わかりやすく 子供向け.txt
[2025-07-26 15:43:51] 新しいファイルが見つかりました: .processing_台湾 二泊三日 予算.txt
[2025-07-26 15:43:51] 新しいファイルが見つかりました: .processing_台湾 夜市 何時まで.txt
[2025-07-26 15:43:51] 新しいファイルが見つかりました: .processing_台湾 旅行 ツアー 添乗員付き.txt
[2025-07-26 15:43:51] 新しいファイルが見つかりました: .processing_台湾 日本 仲良しなぜ.txt
[2025-07-26 15:43:51] 新しいファイルが見つかりました: .processing_台湾で買うと安いもの ブランド.txt
[2025-07-26 15:43:51] 新しいファイルが見つかりました: .processing_台湾カフェ 時香茶.txt
[2025-07-26 15:43:51] 新しいファイルが見つかりました: e-arrival card 韓国 やり方.txt
[2025-07-26 15:43:51] 新しいファイルが見つかりました: チケットプラス 台湾.txt
[2025-07-26 15:43:51] 新しいファイルが見つかりました: 台湾 ディズニー場所.txt
[2025-07-26 15:43:51] 新しいファイルが見つかりました: 台湾 中国 関係 わかりやすく 子供向け.txt
[2025-07-26 15:43:51] 新しいファイルが見つかりました: 台湾 二泊三日 予算.txt
[2025-07-26 15:43:51] 新しいファイルが見つかりました: 台湾 夜市 何時まで.txt
[2025-07-26 15:43:51] 新しいファイルが見つかりました: 台湾 旅行 ツアー 添乗員付き.txt
[2025-07-26 15:43:51] 新しいファイルが見つかりました: 台湾 日本 仲良しなぜ.txt
[2025-07-26 15:43:51] 新しいファイルが見つかりました: 台湾で買うと安いもの ブランド.txt
[2025-07-26 15:43:51] 新しいファイルが見つかりました: 台湾カフェ 時香茶.txt
[2025-07-26 15:43:51] 新しいファイルが見つかりました: 台湾ドル 両替 どこがいい.txt
[2025-07-26 15:43:51] 新しいファイルが見つかりました: 台湾パイナップル 食べごろ.txt
[2025-07-26 15:43:51] 新しいファイルが見つかりました: 台湾マッサージ 怪しい.txt
[2025-07-26 15:43:51] 新しいファイルが見つかりました: 台湾旅行 2泊3日 女子旅.txt
[2025-07-26 15:43:51] 新しいファイルが見つかりました: 台湾旅行 服装 50代.txt
[2025-07-26 15:43:51] 新しいファイルが見つかりました: 台湾旅行で避けるべき日はいつですか_.txt
[2025-07-26 15:43:51] 新しいファイルが見つかりました: 大阪から台湾 飛行機.txt
[2025-07-26 15:43:51] 新しいファイルが見つかりました: 神戸空港 台湾 直行便.txt
[2025-07-26 15:43:51] 新しいファイルが見つかりました: 福岡から台湾 時間.txt
[2025-07-26 15:43:51] 新しいファイルが見つかりました: 福岡から台湾 直行便.txt
[2025-07-26 15:43:51] 新しいファイルが見つかりました: 福岡から台湾 飛行機.txt
[2025-07-26 15:43:51] 新しいファイルが見つかりました: 足を長くする方法 韓国.txt
[2025-07-26 15:43:51] 新しいファイルが見つかりました: 韓国 チマチョゴリ撮影 おすすめ.txt
[2025-07-26 15:43:51] 新しいファイルが見つかりました: 韓国から日本 送料 安い.txt
[2025-07-26 15:43:51] 新しいファイルが見つかりました: 韓国コスメ ハリ たるみ.txt
[2025-07-26 15:43:51] ファイル '.processing_e-arrival card 韓国 やり方' をワークスペース 'WebText_extraction' に割り当てました
[2025-07-26 15:43:51] ファイル '.processing_チケットプラス 台湾' をワークスペース 'WebText_extraction2' に割り当てました
[2025-07-26 15:43:51] ファイル '.processing_台湾 ディズニー場所' をワークスペース 'WebText_extraction3' に割り当てました
[2025-07-26 15:43:51] ファイル '.processing_台湾 中国 関係 わかりやすく 子供向け' をワークスペース 'WebText_extraction4' に割り当てました
[2025-07-26 15:43:51] ファイル '.processing_台湾 二泊三日 予算' をワークスペース 'WebText_extraction5' に割り当てました
[2025-07-26 15:43:51] ファイル '.processing_台湾 夜市 何時まで' をワークスペース 'WebText_extraction6' に割り当てました
[2025-07-26 15:43:51] ファイル '.processing_台湾 旅行 ツアー 添乗員付き' をワークスペース 'WebText_extraction7' に割り当てました
[2025-07-26 15:43:51] ファイル '.processing_台湾 日本 仲良しなぜ' をワークスペース 'WebText_extraction8' に割り当てました
[2025-07-26 15:43:51] ファイル '.processing_台湾で買うと安いもの ブランド' をワークスペース 'WebText_extraction9' に割り当てました
[2025-07-26 15:43:51] ファイル '.processing_台湾カフェ 時香茶' をワークスペース 'WebText_extraction10' に割り当てました
[2025-07-26 15:43:55] 新しいファイルが見つかりました: .processing_.processing_e-arrival card 韓国 やり方.txt
[2025-07-26 15:43:55] 新しいファイルが見つかりました: .processing_.processing_チケットプラス 台湾.txt
[2025-07-26 15:43:55] 新しいファイルが見つかりました: .processing_.processing_台湾 ディズニー場所.txt
[2025-07-26 15:43:55] 新しいファイルが見つかりました: .processing_.processing_台湾 中国 関係 わかりやすく 子供向け.txt
[2025-07-26 15:43:55] 新しいファイルが見つかりました: .processing_.processing_台湾 二泊三日 予算.txt
[2025-07-26 15:43:55] 新しいファイルが見つかりました: .processing_.processing_台湾 夜市 何時まで.txt
[2025-07-26 15:43:55] 新しいファイルが見つかりました: .processing_.processing_台湾 旅行 ツアー 添乗員付き.txt
[2025-07-26 15:43:55] 新しいファイルが見つかりました: .processing_.processing_台湾 日本 仲良しなぜ.txt
[2025-07-26 15:43:55] 新しいファイルが見つかりました: .processing_.processing_台湾で買うと安いもの ブランド.txt
[2025-07-26 15:43:55] 新しいファイルが見つかりました: .processing_.processing_台湾カフェ 時香茶.txt
[2025-07-26 15:43:55] 新しいファイルが見つかりました: .processing_e-arrival card 韓国 やり方.txt
[2025-07-26 15:43:55] 新しいファイルが見つかりました: .processing_チケットプラス 台湾.txt
[2025-07-26 15:43:55] 新しいファイルが見つかりました: .processing_台湾 ディズニー場所.txt
[2025-07-26 15:43:55] 新しいファイルが見つかりました: .processing_台湾 中国 関係 わかりやすく 子供向け.txt
[2025-07-26 15:43:55] 新しいファイルが見つかりました: .processing_台湾 二泊三日 予算.txt
[2025-07-26 15:43:55] 新しいファイルが見つかりました: .processing_台湾 夜市 何時まで.txt
[2025-07-26 15:43:55] 新しいファイルが見つかりました: .processing_台湾 旅行 ツアー 添乗員付き.txt
[2025-07-26 15:43:55] 新しいファイルが見つかりました: .processing_台湾 日本 仲良しなぜ.txt
[2025-07-26 15:43:55] 新しいファイルが見つかりました: .processing_台湾で買うと安いもの ブランド.txt
[2025-07-26 15:43:55] 新しいファイルが見つかりました: .processing_台湾カフェ 時香茶.txt
[2025-07-26 15:43:55] 新しいファイルが見つかりました: e-arrival card 韓国 やり方.txt
[2025-07-26 15:43:55] 新しいファイルが見つかりました: チケットプラス 台湾.txt
[2025-07-26 15:43:55] 新しいファイルが見つかりました: 台湾 ディズニー場所.txt
[2025-07-26 15:43:55] 新しいファイルが見つかりました: 台湾 中国 関係 わかりやすく 子供向け.txt
[2025-07-26 15:43:55] 新しいファイルが見つかりました: 台湾 二泊三日 予算.txt
[2025-07-26 15:43:55] 新しいファイルが見つかりました: 台湾 夜市 何時まで.txt
[2025-07-26 15:43:55] 新しいファイルが見つかりました: 台湾 旅行 ツアー 添乗員付き.txt
[2025-07-26 15:43:55] 新しいファイルが見つかりました: 台湾 日本 仲良しなぜ.txt
[2025-07-26 15:43:55] 新しいファイルが見つかりました: 台湾で買うと安いもの ブランド.txt
[2025-07-26 15:43:55] 新しいファイルが見つかりました: 台湾カフェ 時香茶.txt
[2025-07-26 15:43:55] 新しいファイルが見つかりました: 台湾ドル 両替 どこがいい.txt
[2025-07-26 15:43:55] 新しいファイルが見つかりました: 台湾パイナップル 食べごろ.txt
[2025-07-26 15:43:55] 新しいファイルが見つかりました: 台湾マッサージ 怪しい.txt
[2025-07-26 15:43:55] 新しいファイルが見つかりました: 台湾旅行 2泊3日 女子旅.txt
[2025-07-26 15:43:55] 新しいファイルが見つかりました: 台湾旅行 服装 50代.txt
[2025-07-26 15:43:55] 新しいファイルが見つかりました: 台湾旅行で避けるべき日はいつですか_.txt
[2025-07-26 15:43:55] 新しいファイルが見つかりました: 大阪から台湾 飛行機.txt
[2025-07-26 15:43:55] 新しいファイルが見つかりました: 神戸空港 台湾 直行便.txt
[2025-07-26 15:43:55] 新しいファイルが見つかりました: 福岡から台湾 時間.txt
[2025-07-26 15:43:55] 新しいファイルが見つかりました: 福岡から台湾 直行便.txt
[2025-07-26 15:43:55] 新しいファイルが見つかりました: 福岡から台湾 飛行機.txt
[2025-07-26 15:43:55] 新しいファイルが見つかりました: 足を長くする方法 韓国.txt
[2025-07-26 15:43:55] 新しいファイルが見つかりました: 韓国 チマチョゴリ撮影 おすすめ.txt
[2025-07-26 15:43:55] 新しいファイルが見つかりました: 韓国から日本 送料 安い.txt
[2025-07-26 15:43:55] 新しいファイルが見つかりました: 韓国コスメ ハリ たるみ.txt
[2025-07-26 15:43:55] ファイル '.processing_.processing_e-arrival card 韓国 やり方' をワークスペース 'WebText_extraction' に割り当てました
[2025-07-26 15:43:55] ファイル '.processing_.processing_チケットプラス 台湾' をワークスペース 'WebText_extraction2' に割り当てました
[2025-07-26 15:43:55] ファイル '.processing_.processing_台湾 ディズニー場所' をワークスペース 'WebText_extraction3' に割り当てました
[2025-07-26 15:43:55] エラー: ファイル割り当て失敗 .processing_.processing_台湾 中国 関係 わかりやすく 子供向け -> WebText_extraction4: [Errno 22] Invalid argument
[2025-07-26 15:43:55] ファイル '.processing_.processing_台湾 中国 関係 わかりやすく 子供向け' をワークスペース 'WebText_extraction5' に割り当てました
[2025-07-26 15:43:55] ファイル '.processing_.processing_台湾 二泊三日 予算' をワークスペース 'WebText_extraction6' に割り当てました
[2025-07-26 15:43:55] ファイル '.processing_.processing_台湾 夜市 何時まで' をワークスペース 'WebText_extraction7' に割り当てました
[2025-07-26 15:43:55] ファイル '.processing_.processing_台湾 旅行 ツアー 添乗員付き' をワークスペース 'WebText_extraction8' に割り当てました
[2025-07-26 15:43:55] ファイル '.processing_.processing_台湾 日本 仲良しなぜ' をワークスペース 'WebText_extraction9' に割り当てました
[2025-07-26 15:43:55] ファイル '.processing_.processing_台湾で買うと安いもの ブランド' をワークスペース 'WebText_extraction10' に割り当てました
[2025-07-26 15:44:01] ワークスペース 'WebText_extraction' での '.processing_e-arrival card 韓国 やり方' の処理が完了
[2025-07-26 15:44:01] ワークスペース 'WebText_extraction2' での '.processing_チケットプラス 台湾' の処理が完了
[2025-07-26 15:44:01] ワークスペース 'WebText_extraction3' での '.processing_台湾 ディズニー場所' の処理が完了
[2025-07-26 15:44:01] ワークスペース 'WebText_extraction4' での '.processing_台湾 中国 関係 わかりやすく 子供向け' の処理が完了
[2025-07-26 15:44:01] ワークスペース 'WebText_extraction5' での '.processing_台湾 二泊三日 予算' の処理が完了
[2025-07-26 15:44:01] ワークスペース 'WebText_extraction6' での '.processing_台湾 夜市 何時まで' の処理が完了
[2025-07-26 15:44:01] ワークスペース 'WebText_extraction7' での '.processing_台湾 旅行 ツアー 添乗員付き' の処理が完了
[2025-07-26 15:44:01] ワークスペース 'WebText_extraction8' での '.processing_台湾 日本 仲良しなぜ' の処理が完了
[2025-07-26 15:44:01] ワークスペース 'WebText_extraction9' での '.processing_台湾で買うと安いもの ブランド' の処理が完了
[2025-07-26 15:44:01] ワークスペース 'WebText_extraction10' での '.processing_台湾カフェ 時香茶' の処理が完了
[2025-07-26 15:44:06] ワークスペース 'WebText_extraction' での '.processing_.processing_e-arrival card 韓国 やり方' の処理が完了
[2025-07-26 15:44:06] ワークスペース 'WebText_extraction2' での '.processing_.processing_チケットプラス 台湾' の処理が完了
[2025-07-26 15:44:06] ワークスペース 'WebText_extraction3' での '.processing_.processing_台湾 ディズニー場所' の処理が完了
[2025-07-26 15:44:06] ワークスペース 'WebText_extraction4' での '.processing_.processing_台湾 中国 関係 わかりやすく 子供向け' の処理が完了
[2025-07-26 15:44:06] ワークスペース 'WebText_extraction5' での '.processing_.processing_台湾 中国 関係 わかりやすく 子供向け' の処理が完了
[2025-07-26 15:44:06] ワークスペース 'WebText_extraction6' での '.processing_.processing_台湾 二泊三日 予算' の処理が完了
[2025-07-26 15:44:06] ワークスペース 'WebText_extraction7' での '.processing_.processing_台湾 夜市 何時まで' の処理が完了
[2025-07-26 15:44:06] ワークスペース 'WebText_extraction8' での '.processing_.processing_台湾 旅行 ツアー 添乗員付き' の処理が完了
[2025-07-26 15:44:06] ワークスペース 'WebText_extraction9' での '.processing_.processing_台湾 日本 仲良しなぜ' の処理が完了
[2025-07-26 15:44:06] ワークスペース 'WebText_extraction10' での '.processing_.processing_台湾で買うと安いもの ブランド' の処理が完了
[2025-07-26 15:44:21] ファイル e-arrival card 韓国 やり方 は既に処理中です
[2025-07-26 15:44:21] ファイル e-arrival card 韓国 やり方 は既に処理中です
[2025-07-26 15:44:21] ファイル e-arrival card 韓国 やり方 は既に処理中です
[2025-07-26 15:44:21] ファイル e-arrival card 韓国 やり方 は既に処理中です
[2025-07-26 15:44:21] ファイル e-arrival card 韓国 やり方 は既に処理中です
[2025-07-26 15:44:21] ファイル e-arrival card 韓国 やり方 は既に処理中です
[2025-07-26 15:44:21] ファイル e-arrival card 韓国 やり方 は既に処理中です
[2025-07-26 15:44:21] ファイル e-arrival card 韓国 やり方 は既に処理中です
[2025-07-26 15:44:21] ファイル e-arrival card 韓国 やり方 は既に処理中です
[2025-07-26 15:44:21] ファイル e-arrival card 韓国 やり方 は既に処理中です
[2025-07-26 15:44:25] ファイル '.processing_.processing_台湾カフェ 時香茶' をワークスペース 'WebText_extraction' に割り当てました
[2025-07-26 15:44:25] ファイル '.processing_e-arrival card 韓国 やり方' をワークスペース 'WebText_extraction2' に割り当てました
[2025-07-26 15:44:25] ファイル '.processing_チケットプラス 台湾' をワークスペース 'WebText_extraction3' に割り当てました
[2025-07-26 15:44:26] ファイル '.processing_台湾 ディズニー場所' をワークスペース 'WebText_extraction4' に割り当てました
[2025-07-26 15:44:26] ファイル '.processing_台湾 中国 関係 わかりやすく 子供向け' をワークスペース 'WebText_extraction5' に割り当てました
[2025-07-26 15:44:26] ファイル '.processing_台湾 二泊三日 予算' をワークスペース 'WebText_extraction6' に割り当てました
[2025-07-26 15:44:26] ファイル '.processing_台湾 夜市 何時まで' をワークスペース 'WebText_extraction7' に割り当てました
[2025-07-26 15:44:26] ファイル '.processing_台湾 旅行 ツアー 添乗員付き' をワークスペース 'WebText_extraction8' に割り当てました
[2025-07-26 15:44:26] ファイル '.processing_台湾 日本 仲良しなぜ' をワークスペース 'WebText_extraction9' に割り当てました
[2025-07-26 15:44:26] ファイル '.processing_台湾で買うと安いもの ブランド' をワークスペース 'WebText_extraction10' に割り当てました
[2025-07-26 15:44:36] ワークスペース 'WebText_extraction' での '.processing_.processing_台湾カフェ 時香茶' の処理が完了
[2025-07-26 15:44:36] ワークスペース 'WebText_extraction2' での '.processing_e-arrival card 韓国 やり方' の処理が完了
[2025-07-26 15:44:36] ワークスペース 'WebText_extraction3' での '.processing_チケットプラス 台湾' の処理が完了
[2025-07-26 15:44:36] ワークスペース 'WebText_extraction4' での '.processing_台湾 ディズニー場所' の処理が完了
[2025-07-26 15:44:36] ワークスペース 'WebText_extraction5' での '.processing_台湾 中国 関係 わかりやすく 子供向け' の処理が完了
[2025-07-26 15:44:36] ワークスペース 'WebText_extraction6' での '.processing_台湾 二泊三日 予算' の処理が完了
[2025-07-26 15:44:36] ワークスペース 'WebText_extraction7' での '.processing_台湾 夜市 何時まで' の処理が完了
[2025-07-26 15:44:36] ワークスペース 'WebText_extraction8' での '.processing_台湾 旅行 ツアー 添乗員付き' の処理が完了
[2025-07-26 15:44:36] ワークスペース 'WebText_extraction9' での '.processing_台湾 日本 仲良しなぜ' の処理が完了
[2025-07-26 15:44:36] ワークスペース 'WebText_extraction10' での '.processing_台湾で買うと安いもの ブランド' の処理が完了
[2025-07-26 15:44:51] ファイル e-arrival card 韓国 やり方 は既に処理中です
[2025-07-26 15:44:51] ファイル e-arrival card 韓国 やり方 は既に処理中です
[2025-07-26 15:44:51] ファイル e-arrival card 韓国 やり方 は既に処理中です
[2025-07-26 15:44:51] ファイル e-arrival card 韓国 やり方 は既に処理中です
[2025-07-26 15:44:51] ファイル e-arrival card 韓国 やり方 は既に処理中です
[2025-07-26 15:44:51] ファイル e-arrival card 韓国 やり方 は既に処理中です
[2025-07-26 15:44:51] ファイル e-arrival card 韓国 やり方 は既に処理中です
[2025-07-26 15:44:51] ファイル e-arrival card 韓国 やり方 は既に処理中です
[2025-07-26 15:44:51] ファイル e-arrival card 韓国 やり方 は既に処理中です
[2025-07-26 15:44:51] ファイル e-arrival card 韓国 やり方 は既に処理中です
[2025-07-26 15:44:56] ファイル '.processing_台湾カフェ 時香茶' をワークスペース 'WebText_extraction' に割り当てました
[2025-07-26 15:44:56] ファイル e-arrival card 韓国 やり方 は既に処理中です
[2025-07-26 15:44:56] ファイル e-arrival card 韓国 やり方 は既に処理中です
[2025-07-26 15:44:56] ファイル e-arrival card 韓国 やり方 は既に処理中です
[2025-07-26 15:44:56] ファイル e-arrival card 韓国 やり方 は既に処理中です
[2025-07-26 15:44:56] ファイル e-arrival card 韓国 やり方 は既に処理中です
[2025-07-26 15:44:56] ファイル e-arrival card 韓国 やり方 は既に処理中です
[2025-07-26 15:44:56] ファイル e-arrival card 韓国 やり方 は既に処理中です
[2025-07-26 15:44:56] ファイル e-arrival card 韓国 やり方 は既に処理中です
[2025-07-26 15:44:56] ファイル e-arrival card 韓国 やり方 は既に処理中です
[2025-07-26 15:45:06] ワークスペース 'WebText_extraction' での '.processing_台湾カフェ 時香茶' の処理が完了
[2025-07-26 15:45:21] ファイル e-arrival card 韓国 やり方 は既に処理中です
[2025-07-26 15:45:21] ファイル e-arrival card 韓国 やり方 は既に処理中です
[2025-07-26 15:45:21] ファイル e-arrival card 韓国 やり方 は既に処理中です
[2025-07-26 15:45:21] ファイル e-arrival card 韓国 やり方 は既に処理中です
[2025-07-26 15:45:21] ファイル e-arrival card 韓国 やり方 は既に処理中です
[2025-07-26 15:45:21] ファイル e-arrival card 韓国 やり方 は既に処理中です
[2025-07-26 15:45:21] ファイル e-arrival card 韓国 やり方 は既に処理中です
[2025-07-26 15:45:21] ファイル e-arrival card 韓国 やり方 は既に処理中です
[2025-07-26 15:45:21] ファイル e-arrival card 韓国 やり方 は既に処理中です
[2025-07-26 15:45:21] ファイル e-arrival card 韓国 やり方 は既に処理中です
[2025-07-26 15:45:26] ファイル e-arrival card 韓国 やり方 は既に処理中です
[2025-07-26 15:45:26] ファイル e-arrival card 韓国 やり方 は既に処理中です
[2025-07-26 15:45:26] ファイル e-arrival card 韓国 やり方 は既に処理中です
[2025-07-26 15:45:26] ファイル e-arrival card 韓国 やり方 は既に処理中です
[2025-07-26 15:45:26] ファイル e-arrival card 韓国 やり方 は既に処理中です
[2025-07-26 15:45:26] ファイル e-arrival card 韓国 やり方 は既に処理中です
[2025-07-26 15:45:26] ファイル e-arrival card 韓国 やり方 は既に処理中です
[2025-07-26 15:45:26] ファイル e-arrival card 韓国 やり方 は既に処理中です
[2025-07-26 15:45:26] ファイル e-arrival card 韓国 やり方 は既に処理中です
[2025-07-26 15:45:26] ファイル e-arrival card 韓国 やり方 は既に処理中です
[2025-07-26 15:45:51] ファイル e-arrival card 韓国 やり方 は既に処理中です
[2025-07-26 15:45:51] ファイル e-arrival card 韓国 やり方 は既に処理中です
[2025-07-26 15:45:51] ファイル e-arrival card 韓国 やり方 は既に処理中です
[2025-07-26 15:45:51] ファイル e-arrival card 韓国 やり方 は既に処理中です
[2025-07-26 15:45:51] ファイル e-arrival card 韓国 やり方 は既に処理中です
[2025-07-26 15:45:51] ファイル e-arrival card 韓国 やり方 は既に処理中です
[2025-07-26 15:45:51] ファイル e-arrival card 韓国 やり方 は既に処理中です
[2025-07-26 15:45:51] ファイル e-arrival card 韓国 やり方 は既に処理中です
[2025-07-26 15:45:51] ファイル e-arrival card 韓国 やり方 は既に処理中です
[2025-07-26 15:45:51] ファイル e-arrival card 韓国 やり方 は既に処理中です
[2025-07-26 15:45:56] ファイル e-arrival card 韓国 やり方 は既に処理中です
[2025-07-26 15:45:56] ファイル e-arrival card 韓国 やり方 は既に処理中です
[2025-07-26 15:45:56] ファイル e-arrival card 韓国 やり方 は既に処理中です
[2025-07-26 15:45:56] ファイル e-arrival card 韓国 やり方 は既に処理中です
[2025-07-26 15:45:56] ファイル e-arrival card 韓国 やり方 は既に処理中です
[2025-07-26 15:45:56] ファイル e-arrival card 韓国 やり方 は既に処理中です
[2025-07-26 15:45:56] ファイル e-arrival card 韓国 やり方 は既に処理中です
[2025-07-26 15:45:56] ファイル e-arrival card 韓国 やり方 は既に処理中です
[2025-07-26 15:45:56] ファイル e-arrival card 韓国 やり方 は既に処理中です
[2025-07-26 15:45:56] ファイル e-arrival card 韓国 やり方 は既に処理中です
[2025-07-26 15:45:59] ワークスペース 'WebText_extraction' での 'e-arrival card 韓国 やり方' の処理が完了
[2025-07-26 15:46:09] ファイル '台湾ドル 両替 どこがいい' をワークスペース 'WebText_extraction' に割り当てました
[2025-07-26 15:46:21] 新しいファイルが見つかりました: .processing_台湾ドル 両替 どこがいい.txt
[2025-07-26 15:46:21] ファイル 'e-arrival card 韓国 やり方' をワークスペース 'WebText_extraction' に割り当てました
[2025-07-26 15:46:21] ファイル チケットプラス 台湾 は既に処理中です
[2025-07-26 15:46:21] ファイル チケットプラス 台湾 は既に処理中です
[2025-07-26 15:46:21] ファイル チケットプラス 台湾 は既に処理中です
[2025-07-26 15:46:21] ファイル チケットプラス 台湾 は既に処理中です
[2025-07-26 15:46:21] ファイル チケットプラス 台湾 は既に処理中です
[2025-07-26 15:46:21] ファイル チケットプラス 台湾 は既に処理中です
[2025-07-26 15:46:21] ファイル チケットプラス 台湾 は既に処理中です
[2025-07-26 15:46:21] ファイル チケットプラス 台湾 は既に処理中です
[2025-07-26 15:46:21] ファイル チケットプラス 台湾 は既に処理中です
[2025-07-26 15:46:26] 新しいファイルが見つかりました: .processing_台湾ドル 両替 どこがいい.txt
[2025-07-26 15:46:26] ファイル e-arrival card 韓国 やり方 は既に処理中です
[2025-07-26 15:46:26] ファイル e-arrival card 韓国 やり方 は既に処理中です
[2025-07-26 15:46:26] ファイル e-arrival card 韓国 やり方 は既に処理中です
[2025-07-26 15:46:26] ファイル e-arrival card 韓国 やり方 は既に処理中です
[2025-07-26 15:46:26] ファイル e-arrival card 韓国 やり方 は既に処理中です
[2025-07-26 15:46:26] ファイル e-arrival card 韓国 やり方 は既に処理中です
[2025-07-26 15:46:26] ファイル e-arrival card 韓国 やり方 は既に処理中です
[2025-07-26 15:46:26] ファイル e-arrival card 韓国 やり方 は既に処理中です
[2025-07-26 15:46:26] ファイル e-arrival card 韓国 やり方 は既に処理中です
[2025-07-26 15:46:26] ファイル e-arrival card 韓国 やり方 は既に処理中です
[2025-07-26 15:46:31] ワークスペース 'WebText_extraction' での 'e-arrival card 韓国 やり方' の処理が完了
[2025-07-26 15:46:39] 新しいファイルが見つかりました: .processing_台湾ドル 両替 どこがいい.txt
[2025-07-26 15:46:51] ファイル チケットプラス 台湾 は既に処理中です
[2025-07-26 15:46:51] ファイル チケットプラス 台湾 は既に処理中です
[2025-07-26 15:46:51] ファイル チケットプラス 台湾 は既に処理中です
[2025-07-26 15:46:51] ファイル チケットプラス 台湾 は既に処理中です
[2025-07-26 15:46:51] ファイル チケットプラス 台湾 は既に処理中です
[2025-07-26 15:46:51] キュー処理を停止します
[2025-07-26 15:46:56] ファイル 'e-arrival card 韓国 やり方' をワークスペース 'WebText_extraction' に割り当てました
[2025-07-26 15:46:56] キュー処理を停止します
[2025-07-26 15:48:29] ワークスペース 'WebText_extraction2' での 'チケットプラス 台湾' の処理が完了
[2025-07-26 15:48:40] ワークスペース 'WebText_extraction7' での '台湾 旅行 ツアー 添乗員付き' の処理が完了
[2025-07-26 15:48:40] ファイル '台湾パイナップル 食べごろ' をワークスペース 'WebText_extraction2' に割り当てました
[2025-07-26 15:48:40] ファイル '台湾マッサージ 怪しい' をワークスペース 'WebText_extraction7' に割り当てました
[2025-07-26 15:49:00] ワークスペース 'WebText_extraction6' での '台湾 夜市 何時まで' の処理が完了
[2025-07-26 15:49:10] 新しいファイルが見つかりました: .processing_台湾パイナップル 食べごろ.txt
[2025-07-26 15:49:10] 新しいファイルが見つかりました: .processing_台湾マッサージ 怪しい.txt
[2025-07-26 15:49:10] ファイル '台湾旅行 2泊3日 女子旅' をワークスペース 'WebText_extraction6' に割り当てました
[2025-07-26 15:49:20] ワークスペース 'WebText_extraction3' での '台湾 ディズニー場所' の処理が完了
[2025-07-26 15:49:20] ワークスペース 'WebText_extraction9' での '台湾で買うと安いもの ブランド' の処理が完了
[2025-07-26 15:49:30] ワークスペース 'WebText_extraction10' での '台湾カフェ 時香茶' の処理が完了
[2025-07-26 15:49:40] 新しいファイルが見つかりました: .processing_台湾旅行 2泊3日 女子旅.txt
[2025-07-26 15:49:40] ファイル '台湾旅行 服装 50代' をワークスペース 'WebText_extraction3' に割り当てました
[2025-07-26 15:49:40] ファイル '台湾旅行で避けるべき日はいつですか_' をワークスペース 'WebText_extraction9' に割り当てました
[2025-07-26 15:49:40] ファイル '大阪から台湾 飛行機' をワークスペース 'WebText_extraction10' に割り当てました
[2025-07-26 15:50:10] 新しいファイルが見つかりました: .processing_台湾旅行 服装 50代.txt
[2025-07-26 15:50:10] 新しいファイルが見つかりました: .processing_台湾旅行で避けるべき日はいつですか_.txt
[2025-07-26 15:50:10] 新しいファイルが見つかりました: .processing_大阪から台湾 飛行機.txt
[2025-07-26 15:50:40] ワークスペース 'WebText_extraction' での '台湾ドル 両替 どこがいい' の処理が完了
[2025-07-26 15:51:10] ファイル '神戸空港 台湾 直行便' をワークスペース 'WebText_extraction' に割り当てました
[2025-07-26 15:51:40] 新しいファイルが見つかりました: .processing_神戸空港 台湾 直行便.txt
[2025-07-26 15:52:00] ワークスペース 'WebText_extraction5' での '台湾 二泊三日 予算' の処理が完了
[2025-07-26 15:52:10] ファイル '福岡から台湾 時間' をワークスペース 'WebText_extraction5' に割り当てました
[2025-07-26 15:52:10] ワークスペース 'WebText_extraction4' での '台湾 中国 関係 わかりやすく 子供向け' の処理が完了
[2025-07-26 15:52:10] ワークスペース 'WebText_extraction6' での '台湾旅行 2泊3日 女子旅' の処理が完了
[2025-07-26 15:52:40] 新しいファイルが見つかりました: .processing_福岡から台湾 時間.txt
[2025-07-26 15:52:40] ファイル '福岡から台湾 直行便' をワークスペース 'WebText_extraction4' に割り当てました
[2025-07-26 15:52:40] ファイル '福岡から台湾 飛行機' をワークスペース 'WebText_extraction6' に割り当てました
[2025-07-26 15:52:50] ワークスペース 'WebText_extraction7' での '台湾マッサージ 怪しい' の処理が完了
[2025-07-26 15:53:00] ワークスペース 'WebText_extraction3' での '台湾旅行 服装 50代' の処理が完了
[2025-07-26 15:53:10] 新しいファイルが見つかりました: .processing_福岡から台湾 直行便.txt
[2025-07-26 15:53:10] 新しいファイルが見つかりました: .processing_福岡から台湾 飛行機.txt
[2025-07-26 15:53:10] ファイル '足を長くする方法 韓国' をワークスペース 'WebText_extraction3' に割り当てました
[2025-07-26 15:53:10] ファイル '韓国 チマチョゴリ撮影 おすすめ' をワークスペース 'WebText_extraction7' に割り当てました
[2025-07-26 15:53:30] ワークスペース 'WebText_extraction2' での '台湾パイナップル 食べごろ' の処理が完了
[2025-07-26 15:53:40] 新しいファイルが見つかりました: .processing_足を長くする方法 韓国.txt
[2025-07-26 15:53:40] 新しいファイルが見つかりました: .processing_韓国 チマチョゴリ撮影 おすすめ.txt
[2025-07-26 15:53:40] ファイル '韓国から日本 送料 安い' をワークスペース 'WebText_extraction2' に割り当てました
[2025-07-26 15:54:00] ワークスペース 'WebText_extraction9' での '台湾旅行で避けるべき日はいつですか_' の処理が完了
[2025-07-26 15:54:10] 新しいファイルが見つかりました: .processing_韓国から日本 送料 安い.txt
[2025-07-26 15:54:10] ファイル '韓国コスメ ハリ たるみ' をワークスペース 'WebText_extraction9' に割り当てました
[2025-07-26 15:54:20] ワークスペース 'WebText_extraction10' での '大阪から台湾 飛行機' の処理が完了
[2025-07-26 15:54:40] 新しいファイルが見つかりました: .processing_韓国コスメ ハリ たるみ.txt
[2025-07-26 15:54:40] ファイル '.processing_e-arrival card 韓国 やり方' をワークスペース 'WebText_extraction10' に割り当てました
[2025-07-26 15:54:40] ワークスペース 'WebText_extraction' での '神戸空港 台湾 直行便' の処理が完了
[2025-07-26 15:54:50] ワークスペース 'WebText_extraction10' での '.processing_e-arrival card 韓国 やり方' の処理が完了
[2025-07-26 15:55:10] ファイル '.processing_チケットプラス 台湾' をワークスペース 'WebText_extraction' に割り当てました
[2025-07-26 15:55:10] ファイル '.processing_台湾 ディズニー場所' をワークスペース 'WebText_extraction10' に割り当てました
[2025-07-26 15:55:20] ワークスペース 'WebText_extraction' での '.processing_チケットプラス 台湾' の処理が完了
[2025-07-26 15:55:20] ワークスペース 'WebText_extraction10' での '.processing_台湾 ディズニー場所' の処理が完了
[2025-07-26 15:55:40] ファイル '.processing_台湾 中国 関係 わかりやすく 子供向け' をワークスペース 'WebText_extraction' に割り当てました
[2025-07-26 15:55:41] ファイル '.processing_台湾 二泊三日 予算' をワークスペース 'WebText_extraction10' に割り当てました
[2025-07-26 15:56:00] ワークスペース 'WebText_extraction' での '.processing_台湾 中国 関係 わかりやすく 子供向け' の処理が完了
[2025-07-26 15:56:00] ワークスペース 'WebText_extraction10' での '.processing_台湾 二泊三日 予算' の処理が完了
[2025-07-26 15:56:11] ファイル '.processing_台湾 夜市 何時まで' をワークスペース 'WebText_extraction' に割り当てました
[2025-07-26 15:56:11] ファイル '.processing_台湾 旅行 ツアー 添乗員付き' をワークスペース 'WebText_extraction10' に割り当てました
[2025-07-26 15:56:20] ワークスペース 'WebText_extraction' での '.processing_台湾 夜市 何時まで' の処理が完了
[2025-07-26 15:56:20] ワークスペース 'WebText_extraction10' での '.processing_台湾 旅行 ツアー 添乗員付き' の処理が完了
[2025-07-26 15:56:41] ファイル '.processing_台湾 日本 仲良しなぜ' をワークスペース 'WebText_extraction' に割り当てました
[2025-07-26 15:56:41] ファイル '.processing_台湾で買うと安いもの ブランド' をワークスペース 'WebText_extraction10' に割り当てました
[2025-07-26 15:56:50] ワークスペース 'WebText_extraction' での '.processing_台湾 日本 仲良しなぜ' の処理が完了
[2025-07-26 15:56:50] ワークスペース 'WebText_extraction10' での '.processing_台湾で買うと安いもの ブランド' の処理が完了
[2025-07-26 15:57:11] ファイル '.processing_台湾カフェ 時香茶' をワークスペース 'WebText_extraction' に割り当てました
[2025-07-26 15:57:11] ファイル '.processing_台湾ドル 両替 どこがいい' をワークスペース 'WebText_extraction10' に割り当てました
[2025-07-26 15:57:20] ワークスペース 'WebText_extraction' での '.processing_台湾カフェ 時香茶' の処理が完了
[2025-07-26 15:57:20] ワークスペース 'WebText_extraction7' での '韓国 チマチョゴリ撮影 おすすめ' の処理が完了
[2025-07-26 15:57:20] ワークスペース 'WebText_extraction10' での '.processing_台湾ドル 両替 どこがいい' の処理が完了
[2025-07-26 15:57:30] ワークスペース 'WebText_extraction6' での '福岡から台湾 飛行機' の処理が完了
[2025-07-26 15:57:41] ファイル '.processing_台湾パイナップル 食べごろ' をワークスペース 'WebText_extraction' に割り当てました
[2025-07-26 15:57:41] ファイル '.processing_台湾マッサージ 怪しい' をワークスペース 'WebText_extraction6' に割り当てました
[2025-07-26 15:57:41] ファイル '.processing_台湾旅行 2泊3日 女子旅' をワークスペース 'WebText_extraction7' に割り当てました
[2025-07-26 15:57:41] ファイル '.processing_台湾旅行 服装 50代' をワークスペース 'WebText_extraction10' に割り当てました
[2025-07-26 15:57:50] ワークスペース 'WebText_extraction' での '.processing_台湾パイナップル 食べごろ' の処理が完了
[2025-07-26 15:57:50] ワークスペース 'WebText_extraction2' での '韓国から日本 送料 安い' の処理が完了
[2025-07-26 15:57:50] ワークスペース 'WebText_extraction6' での '.processing_台湾マッサージ 怪しい' の処理が完了
[2025-07-26 15:57:50] ワークスペース 'WebText_extraction7' での '.processing_台湾旅行 2泊3日 女子旅' の処理が完了
[2025-07-26 15:57:50] ワークスペース 'WebText_extraction10' での '.processing_台湾旅行 服装 50代' の処理が完了
[2025-07-26 15:58:00] ワークスペース 'WebText_extraction3' での '足を長くする方法 韓国' の処理が完了
[2025-07-26 15:58:10] ワークスペース 'WebText_extraction9' での '韓国コスメ ハリ たるみ' の処理が完了
[2025-07-26 15:58:11] ファイル '.processing_台湾旅行で避けるべき日はいつですか_' をワークスペース 'WebText_extraction' に割り当てました
[2025-07-26 15:58:11] ファイル '.processing_大阪から台湾 飛行機' をワークスペース 'WebText_extraction2' に割り当てました
[2025-07-26 15:58:11] ファイル '.processing_神戸空港 台湾 直行便' をワークスペース 'WebText_extraction3' に割り当てました
[2025-07-26 15:58:11] ファイル '.processing_福岡から台湾 時間' をワークスペース 'WebText_extraction6' に割り当てました
[2025-07-26 15:58:11] ファイル '.processing_福岡から台湾 直行便' をワークスペース 'WebText_extraction7' に割り当てました
[2025-07-26 15:58:11] ファイル '.processing_福岡から台湾 飛行機' をワークスペース 'WebText_extraction9' に割り当てました
[2025-07-26 15:58:11] ファイル '.processing_足を長くする方法 韓国' をワークスペース 'WebText_extraction10' に割り当てました
[2025-07-26 15:58:20] ワークスペース 'WebText_extraction' での '.processing_台湾旅行で避けるべき日はいつですか_' の処理が完了
[2025-07-26 15:58:20] ワークスペース 'WebText_extraction2' での '.processing_大阪から台湾 飛行機' の処理が完了
[2025-07-26 15:58:20] ワークスペース 'WebText_extraction3' での '.processing_神戸空港 台湾 直行便' の処理が完了
[2025-07-26 15:58:20] ワークスペース 'WebText_extraction6' での '.processing_福岡から台湾 時間' の処理が完了
[2025-07-26 15:58:20] ワークスペース 'WebText_extraction7' での '.processing_福岡から台湾 直行便' の処理が完了
[2025-07-26 15:58:20] ワークスペース 'WebText_extraction9' での '.processing_福岡から台湾 飛行機' の処理が完了
[2025-07-26 15:58:20] ワークスペース 'WebText_extraction10' での '.processing_足を長くする方法 韓国' の処理が完了
[2025-07-26 15:58:41] ファイル '.processing_韓国 チマチョゴリ撮影 おすすめ' をワークスペース 'WebText_extraction' に割り当てました
[2025-07-26 15:58:41] ファイル '.processing_韓国から日本 送料 安い' をワークスペース 'WebText_extraction2' に割り当てました
[2025-07-26 15:58:41] ファイル '.processing_韓国コスメ ハリ たるみ' をワークスペース 'WebText_extraction3' に割り当てました
[2025-07-26 15:58:50] ワークスペース 'WebText_extraction' での '.processing_韓国 チマチョゴリ撮影 おすすめ' の処理が完了
[2025-07-26 15:58:50] ワークスペース 'WebText_extraction2' での '.processing_韓国から日本 送料 安い' の処理が完了
[2025-07-26 15:58:50] ワークスペース 'WebText_extraction3' での '.processing_韓国コスメ ハリ たるみ' の処理が完了
[2025-07-26 16:01:00] ワークスペース 'WebText_extraction4' での '福岡から台湾 直行便' の処理が完了
[2025-07-26 16:01:10] ワークスペース 'WebText_extraction5' での '福岡から台湾 時間' の処理が完了
[2025-07-26 16:04:30] ワークスペース 'WebText_extraction8' での '台湾 日本 仲良しなぜ' の処理が完了
[2025-07-26 16:16:28] 動的キュー処理を開始します
[2025-07-26 16:16:28] ファイル 'e-arrival card 韓国 やり方' をワークスペース 'WebText_extraction' に割り当てました
[2025-07-26 16:16:28] ファイル '台湾 paypay 使い方' をワークスペース 'WebText_extraction2' に割り当てました
[2025-07-26 16:16:28] ファイル '台湾 アイコス 持ち込み' をワークスペース 'WebText_extraction3' に割り当てました
[2025-07-26 16:16:28] ファイル '台湾 タバコ 値段' をワークスペース 'WebText_extraction4' に割り当てました
[2025-07-26 16:16:28] ファイル '台湾 一人旅 モデルコース' をワークスペース 'WebText_extraction5' に割り当てました
[2025-07-26 16:16:28] ファイル '台湾 一泊2日 予算' をワークスペース 'WebText_extraction6' に割り当てました
[2025-07-26 16:16:28] ファイル '台湾 二泊三日 おすすめ スケジュール' をワークスペース 'WebText_extraction7' に割り当てました
[2025-07-26 16:16:28] ファイル '台湾 入国カード オンライン いつから' をワークスペース 'WebText_extraction8' に割り当てました
[2025-07-26 16:16:28] ファイル '台湾 入国カード オンライン 職業' をワークスペース 'WebText_extraction9' に割り当てました
[2025-07-26 16:16:28] ファイル '台湾 入国審査 聞かれること' をワークスペース 'WebText_extraction10' に割り当てました
[2025-07-26 16:16:28] 新しいファイルが見つかりました: .processing_e-arrival card 韓国 やり方.txt
[2025-07-26 16:16:28] 新しいファイルが見つかりました: .processing_台湾 paypay 使い方.txt
[2025-07-26 16:16:28] 新しいファイルが見つかりました: .processing_台湾 アイコス 持ち込み.txt
[2025-07-26 16:16:28] 新しいファイルが見つかりました: .processing_台湾 タバコ 値段.txt
[2025-07-26 16:16:28] 新しいファイルが見つかりました: .processing_台湾 一人旅 モデルコース.txt
[2025-07-26 16:16:28] 新しいファイルが見つかりました: .processing_台湾 一泊2日 予算.txt
[2025-07-26 16:16:28] 新しいファイルが見つかりました: .processing_台湾 二泊三日 おすすめ スケジュール.txt
[2025-07-26 16:16:28] 新しいファイルが見つかりました: .processing_台湾 入国カード オンライン いつから.txt
[2025-07-26 16:16:28] 新しいファイルが見つかりました: .processing_台湾 入国カード オンライン 職業.txt
[2025-07-26 16:16:28] 新しいファイルが見つかりました: .processing_台湾 入国審査 聞かれること.txt
[2025-07-26 16:19:18] ワークスペース 'WebText_extraction' での 'e-arrival card 韓国 やり方' の処理が完了
[2025-07-26 16:19:18] ワークスペース 'WebText_extraction7' での '台湾 二泊三日 おすすめ スケジュール' の処理が完了
